{"/home/usuario/PAI/Practica_8/practica-8-poker-ChristianTorresGonzalez/src/card.js":{"path":"/home/usuario/PAI/Practica_8/practica-8-poker-ChristianTorresGonzalez/src/card.js","s":{"1":1,"2":1,"3":58,"4":15,"5":14,"6":14,"7":15,"8":1,"9":58,"10":0,"11":58,"12":0,"13":58,"14":1,"15":57,"16":0,"17":57,"18":57,"19":57,"20":8,"21":5,"22":6,"23":1,"24":1,"25":56,"26":56,"27":5,"28":5,"29":4,"30":4,"31":5,"32":5,"33":4,"34":4,"35":38,"36":38,"37":56,"38":56,"39":2,"40":0,"41":2,"42":1},"b":{"1":[15,14,14,15],"2":[0,58],"3":[58,58,58],"4":[0,58],"5":[58,58,58],"6":[1,57],"7":[58,57,57],"8":[0,57],"9":[57,57,57],"10":[5,4,5,4,38],"11":[0,2],"12":[0,0],"13":[1,1]},"f":{"1":58,"2":58,"3":57,"4":8,"5":5,"6":6,"7":1,"8":1,"9":56,"10":2},"fnMap":{"1":{"name":"getSuit","line":54,"loc":{"start":{"line":54,"column":0},"end":{"line":54,"column":23}}},"2":{"name":"setRank","line":79,"loc":{"start":{"line":79,"column":0},"end":{"line":79,"column":23}}},"3":{"name":"(anonymous_3)","line":98,"loc":{"start":{"line":98,"column":15},"end":{"line":98,"column":42}}},"4":{"name":"(anonymous_4)","line":109,"loc":{"start":{"line":109,"column":19},"end":{"line":109,"column":22}}},"5":{"name":"(anonymous_5)","line":120,"loc":{"start":{"line":120,"column":20},"end":{"line":120,"column":23}}},"6":{"name":"(anonymous_6)","line":130,"loc":{"start":{"line":130,"column":15},"end":{"line":130,"column":18}}},"7":{"name":"(anonymous_7)","line":141,"loc":{"start":{"line":141,"column":15},"end":{"line":141,"column":25}}},"8":{"name":"(anonymous_8)","line":152,"loc":{"start":{"line":152,"column":15},"end":{"line":152,"column":25}}},"9":{"name":"(anonymous_9)","line":164,"loc":{"start":{"line":164,"column":12},"end":{"line":164,"column":15}}},"10":{"name":"(anonymous_10)","line":198,"loc":{"start":{"line":198,"column":19},"end":{"line":198,"column":32}}}},"statementMap":{"1":{"start":{"line":26,"column":0},"end":{"line":43,"column":1}},"2":{"start":{"line":54,"column":0},"end":{"line":65,"column":1}},"3":{"start":{"line":55,"column":4},"end":{"line":64,"column":5}},"4":{"start":{"line":57,"column":12},"end":{"line":57,"column":32}},"5":{"start":{"line":59,"column":12},"end":{"line":59,"column":32}},"6":{"start":{"line":61,"column":12},"end":{"line":61,"column":34}},"7":{"start":{"line":63,"column":12},"end":{"line":63,"column":31}},"8":{"start":{"line":79,"column":0},"end":{"line":95,"column":1}},"9":{"start":{"line":80,"column":4},"end":{"line":94,"column":5}},"10":{"start":{"line":81,"column":8},"end":{"line":81,"column":17}},"11":{"start":{"line":83,"column":9},"end":{"line":94,"column":5}},"12":{"start":{"line":84,"column":8},"end":{"line":84,"column":18}},"13":{"start":{"line":86,"column":9},"end":{"line":94,"column":5}},"14":{"start":{"line":87,"column":8},"end":{"line":87,"column":18}},"15":{"start":{"line":89,"column":9},"end":{"line":94,"column":5}},"16":{"start":{"line":90,"column":8},"end":{"line":90,"column":18}},"17":{"start":{"line":93,"column":8},"end":{"line":93,"column":20}},"18":{"start":{"line":99,"column":8},"end":{"line":99,"column":34}},"19":{"start":{"line":100,"column":8},"end":{"line":100,"column":34}},"20":{"start":{"line":110,"column":8},"end":{"line":110,"column":30}},"21":{"start":{"line":121,"column":8},"end":{"line":121,"column":31}},"22":{"start":{"line":131,"column":8},"end":{"line":131,"column":25}},"23":{"start":{"line":142,"column":8},"end":{"line":142,"column":37}},"24":{"start":{"line":153,"column":8},"end":{"line":153,"column":37}},"25":{"start":{"line":165,"column":8},"end":{"line":165,"column":18}},"26":{"start":{"line":166,"column":8},"end":{"line":182,"column":9}},"27":{"start":{"line":168,"column":16},"end":{"line":168,"column":30}},"28":{"start":{"line":169,"column":16},"end":{"line":169,"column":22}},"29":{"start":{"line":171,"column":16},"end":{"line":171,"column":31}},"30":{"start":{"line":172,"column":16},"end":{"line":172,"column":22}},"31":{"start":{"line":174,"column":16},"end":{"line":174,"column":32}},"32":{"start":{"line":175,"column":16},"end":{"line":175,"column":22}},"33":{"start":{"line":177,"column":16},"end":{"line":177,"column":31}},"34":{"start":{"line":178,"column":16},"end":{"line":178,"column":22}},"35":{"start":{"line":180,"column":16},"end":{"line":180,"column":34}},"36":{"start":{"line":181,"column":16},"end":{"line":181,"column":22}},"37":{"start":{"line":184,"column":8},"end":{"line":184,"column":53}},"38":{"start":{"line":185,"column":8},"end":{"line":185,"column":22}},"39":{"start":{"line":199,"column":8},"end":{"line":204,"column":9}},"40":{"start":{"line":200,"column":12},"end":{"line":200,"column":64}},"41":{"start":{"line":203,"column":12},"end":{"line":203,"column":76}},"42":{"start":{"line":208,"column":0},"end":{"line":208,"column":37}}},"branchMap":{"1":{"line":55,"type":"switch","locations":[{"start":{"line":56,"column":8},"end":{"line":57,"column":32}},{"start":{"line":58,"column":8},"end":{"line":59,"column":32}},{"start":{"line":60,"column":8},"end":{"line":61,"column":34}},{"start":{"line":62,"column":8},"end":{"line":63,"column":31}}]},"2":{"line":80,"type":"if","locations":[{"start":{"line":80,"column":4},"end":{"line":80,"column":4}},{"start":{"line":80,"column":4},"end":{"line":80,"column":4}}]},"3":{"line":80,"type":"binary-expr","locations":[{"start":{"line":80,"column":8},"end":{"line":80,"column":22}},{"start":{"line":80,"column":26},"end":{"line":80,"column":40}},{"start":{"line":80,"column":44},"end":{"line":80,"column":58}}]},"4":{"line":83,"type":"if","locations":[{"start":{"line":83,"column":9},"end":{"line":83,"column":9}},{"start":{"line":83,"column":9},"end":{"line":83,"column":9}}]},"5":{"line":83,"type":"binary-expr","locations":[{"start":{"line":83,"column":13},"end":{"line":83,"column":28}},{"start":{"line":83,"column":32},"end":{"line":83,"column":47}},{"start":{"line":83,"column":51},"end":{"line":83,"column":66}}]},"6":{"line":86,"type":"if","locations":[{"start":{"line":86,"column":9},"end":{"line":86,"column":9}},{"start":{"line":86,"column":9},"end":{"line":86,"column":9}}]},"7":{"line":86,"type":"binary-expr","locations":[{"start":{"line":86,"column":13},"end":{"line":86,"column":29}},{"start":{"line":86,"column":33},"end":{"line":86,"column":49}},{"start":{"line":86,"column":53},"end":{"line":86,"column":69}}]},"8":{"line":89,"type":"if","locations":[{"start":{"line":89,"column":9},"end":{"line":89,"column":9}},{"start":{"line":89,"column":9},"end":{"line":89,"column":9}}]},"9":{"line":89,"type":"binary-expr","locations":[{"start":{"line":89,"column":13},"end":{"line":89,"column":28}},{"start":{"line":89,"column":32},"end":{"line":89,"column":47}},{"start":{"line":89,"column":51},"end":{"line":89,"column":66}}]},"10":{"line":166,"type":"switch","locations":[{"start":{"line":167,"column":12},"end":{"line":169,"column":22}},{"start":{"line":170,"column":12},"end":{"line":172,"column":22}},{"start":{"line":173,"column":12},"end":{"line":175,"column":22}},{"start":{"line":176,"column":12},"end":{"line":178,"column":22}},{"start":{"line":179,"column":12},"end":{"line":181,"column":22}}]},"11":{"line":199,"type":"if","locations":[{"start":{"line":199,"column":8},"end":{"line":199,"column":8}},{"start":{"line":199,"column":8},"end":{"line":199,"column":8}}]},"12":{"line":200,"type":"cond-expr","locations":[{"start":{"line":200,"column":51},"end":{"line":200,"column":55}},{"start":{"line":200,"column":58},"end":{"line":200,"column":63}}]},"13":{"line":203,"type":"cond-expr","locations":[{"start":{"line":203,"column":63},"end":{"line":203,"column":67}},{"start":{"line":203,"column":70},"end":{"line":203,"column":75}}]}}},"/home/usuario/PAI/Practica_8/practica-8-poker-ChristianTorresGonzalez/src/deck.js":{"path":"/home/usuario/PAI/Practica_8/practica-8-poker-ChristianTorresGonzalez/src/deck.js","s":{"1":1,"2":1,"3":1,"4":4,"5":52,"6":52,"7":1,"8":1,"9":52,"10":1,"11":1},"b":{},"f":{"1":1,"2":1},"fnMap":{"1":{"name":"(anonymous_1)","line":22,"loc":{"start":{"line":22,"column":15},"end":{"line":22,"column":18}}},"2":{"name":"(anonymous_2)","line":33,"loc":{"start":{"line":33,"column":9},"end":{"line":33,"column":12}}}},"statementMap":{"1":{"start":{"line":19,"column":0},"end":{"line":19,"column":32}},"2":{"start":{"line":23,"column":8},"end":{"line":23,"column":23}},"3":{"start":{"line":25,"column":8},"end":{"line":30,"column":9}},"4":{"start":{"line":26,"column":12},"end":{"line":29,"column":13}},"5":{"start":{"line":27,"column":16},"end":{"line":27,"column":55}},"6":{"start":{"line":28,"column":16},"end":{"line":28,"column":37}},"7":{"start":{"line":34,"column":8},"end":{"line":34,"column":24}},"8":{"start":{"line":35,"column":8},"end":{"line":37,"column":9}},"9":{"start":{"line":36,"column":12},"end":{"line":36,"column":46}},"10":{"start":{"line":38,"column":8},"end":{"line":38,"column":22}},"11":{"start":{"line":44,"column":0},"end":{"line":44,"column":28}}},"branchMap":{}}}