{"/home/usuario/PAI/Practica_8/practica-8-poker-ChristianTorresGonzalez/src/card.js":{"path":"/home/usuario/PAI/Practica_8/practica-8-poker-ChristianTorresGonzalez/src/card.js","s":{"1":1,"2":1,"3":112,"4":28,"5":28,"6":27,"7":29,"8":1,"9":112,"10":0,"11":112,"12":0,"13":112,"14":1,"15":111,"16":1,"17":110,"18":111,"19":111,"20":8,"21":5,"22":6,"23":1,"24":1,"25":4,"26":4,"27":1,"28":1,"29":0,"30":0,"31":1,"32":1,"33":0,"34":0,"35":2,"36":2,"37":4,"38":4,"39":2,"40":0,"41":2,"42":1},"b":{"1":[28,28,27,29],"2":[0,112],"3":[112,112,112],"4":[0,112],"5":[112,112,112],"6":[1,111],"7":[112,111,111],"8":[1,110],"9":[111,111,110],"10":[1,0,1,0,2],"11":[0,2],"12":[0,0],"13":[1,1]},"f":{"1":112,"2":112,"3":111,"4":8,"5":5,"6":6,"7":1,"8":1,"9":4,"10":2},"fnMap":{"1":{"name":"getSuit","line":54,"loc":{"start":{"line":54,"column":0},"end":{"line":54,"column":23}}},"2":{"name":"setRank","line":79,"loc":{"start":{"line":79,"column":0},"end":{"line":79,"column":23}}},"3":{"name":"(anonymous_3)","line":98,"loc":{"start":{"line":98,"column":15},"end":{"line":98,"column":42}}},"4":{"name":"(anonymous_4)","line":109,"loc":{"start":{"line":109,"column":19},"end":{"line":109,"column":22}}},"5":{"name":"(anonymous_5)","line":120,"loc":{"start":{"line":120,"column":20},"end":{"line":120,"column":23}}},"6":{"name":"(anonymous_6)","line":130,"loc":{"start":{"line":130,"column":15},"end":{"line":130,"column":18}}},"7":{"name":"(anonymous_7)","line":141,"loc":{"start":{"line":141,"column":15},"end":{"line":141,"column":25}}},"8":{"name":"(anonymous_8)","line":152,"loc":{"start":{"line":152,"column":15},"end":{"line":152,"column":25}}},"9":{"name":"(anonymous_9)","line":164,"loc":{"start":{"line":164,"column":12},"end":{"line":164,"column":15}}},"10":{"name":"(anonymous_10)","line":198,"loc":{"start":{"line":198,"column":19},"end":{"line":198,"column":32}}}},"statementMap":{"1":{"start":{"line":26,"column":0},"end":{"line":43,"column":1}},"2":{"start":{"line":54,"column":0},"end":{"line":65,"column":1}},"3":{"start":{"line":55,"column":4},"end":{"line":64,"column":5}},"4":{"start":{"line":57,"column":12},"end":{"line":57,"column":32}},"5":{"start":{"line":59,"column":12},"end":{"line":59,"column":32}},"6":{"start":{"line":61,"column":12},"end":{"line":61,"column":34}},"7":{"start":{"line":63,"column":12},"end":{"line":63,"column":31}},"8":{"start":{"line":79,"column":0},"end":{"line":95,"column":1}},"9":{"start":{"line":80,"column":4},"end":{"line":94,"column":5}},"10":{"start":{"line":81,"column":8},"end":{"line":81,"column":17}},"11":{"start":{"line":83,"column":9},"end":{"line":94,"column":5}},"12":{"start":{"line":84,"column":8},"end":{"line":84,"column":18}},"13":{"start":{"line":86,"column":9},"end":{"line":94,"column":5}},"14":{"start":{"line":87,"column":8},"end":{"line":87,"column":18}},"15":{"start":{"line":89,"column":9},"end":{"line":94,"column":5}},"16":{"start":{"line":90,"column":8},"end":{"line":90,"column":18}},"17":{"start":{"line":93,"column":8},"end":{"line":93,"column":20}},"18":{"start":{"line":99,"column":8},"end":{"line":99,"column":34}},"19":{"start":{"line":100,"column":8},"end":{"line":100,"column":34}},"20":{"start":{"line":110,"column":8},"end":{"line":110,"column":30}},"21":{"start":{"line":121,"column":8},"end":{"line":121,"column":31}},"22":{"start":{"line":131,"column":8},"end":{"line":131,"column":25}},"23":{"start":{"line":142,"column":8},"end":{"line":142,"column":37}},"24":{"start":{"line":153,"column":8},"end":{"line":153,"column":37}},"25":{"start":{"line":165,"column":8},"end":{"line":165,"column":18}},"26":{"start":{"line":166,"column":8},"end":{"line":182,"column":9}},"27":{"start":{"line":168,"column":16},"end":{"line":168,"column":30}},"28":{"start":{"line":169,"column":16},"end":{"line":169,"column":22}},"29":{"start":{"line":171,"column":16},"end":{"line":171,"column":31}},"30":{"start":{"line":172,"column":16},"end":{"line":172,"column":22}},"31":{"start":{"line":174,"column":16},"end":{"line":174,"column":32}},"32":{"start":{"line":175,"column":16},"end":{"line":175,"column":22}},"33":{"start":{"line":177,"column":16},"end":{"line":177,"column":31}},"34":{"start":{"line":178,"column":16},"end":{"line":178,"column":22}},"35":{"start":{"line":180,"column":16},"end":{"line":180,"column":34}},"36":{"start":{"line":181,"column":16},"end":{"line":181,"column":22}},"37":{"start":{"line":184,"column":8},"end":{"line":184,"column":53}},"38":{"start":{"line":185,"column":8},"end":{"line":185,"column":22}},"39":{"start":{"line":199,"column":8},"end":{"line":204,"column":9}},"40":{"start":{"line":200,"column":12},"end":{"line":200,"column":69}},"41":{"start":{"line":203,"column":12},"end":{"line":203,"column":81}},"42":{"start":{"line":208,"column":0},"end":{"line":208,"column":37}}},"branchMap":{"1":{"line":55,"type":"switch","locations":[{"start":{"line":56,"column":8},"end":{"line":57,"column":32}},{"start":{"line":58,"column":8},"end":{"line":59,"column":32}},{"start":{"line":60,"column":8},"end":{"line":61,"column":34}},{"start":{"line":62,"column":8},"end":{"line":63,"column":31}}]},"2":{"line":80,"type":"if","locations":[{"start":{"line":80,"column":4},"end":{"line":80,"column":4}},{"start":{"line":80,"column":4},"end":{"line":80,"column":4}}]},"3":{"line":80,"type":"binary-expr","locations":[{"start":{"line":80,"column":8},"end":{"line":80,"column":22}},{"start":{"line":80,"column":26},"end":{"line":80,"column":40}},{"start":{"line":80,"column":44},"end":{"line":80,"column":58}}]},"4":{"line":83,"type":"if","locations":[{"start":{"line":83,"column":9},"end":{"line":83,"column":9}},{"start":{"line":83,"column":9},"end":{"line":83,"column":9}}]},"5":{"line":83,"type":"binary-expr","locations":[{"start":{"line":83,"column":13},"end":{"line":83,"column":28}},{"start":{"line":83,"column":32},"end":{"line":83,"column":47}},{"start":{"line":83,"column":51},"end":{"line":83,"column":66}}]},"6":{"line":86,"type":"if","locations":[{"start":{"line":86,"column":9},"end":{"line":86,"column":9}},{"start":{"line":86,"column":9},"end":{"line":86,"column":9}}]},"7":{"line":86,"type":"binary-expr","locations":[{"start":{"line":86,"column":13},"end":{"line":86,"column":29}},{"start":{"line":86,"column":33},"end":{"line":86,"column":49}},{"start":{"line":86,"column":53},"end":{"line":86,"column":69}}]},"8":{"line":89,"type":"if","locations":[{"start":{"line":89,"column":9},"end":{"line":89,"column":9}},{"start":{"line":89,"column":9},"end":{"line":89,"column":9}}]},"9":{"line":89,"type":"binary-expr","locations":[{"start":{"line":89,"column":13},"end":{"line":89,"column":28}},{"start":{"line":89,"column":32},"end":{"line":89,"column":47}},{"start":{"line":89,"column":51},"end":{"line":89,"column":66}}]},"10":{"line":166,"type":"switch","locations":[{"start":{"line":167,"column":12},"end":{"line":169,"column":22}},{"start":{"line":170,"column":12},"end":{"line":172,"column":22}},{"start":{"line":173,"column":12},"end":{"line":175,"column":22}},{"start":{"line":176,"column":12},"end":{"line":178,"column":22}},{"start":{"line":179,"column":12},"end":{"line":181,"column":22}}]},"11":{"line":199,"type":"if","locations":[{"start":{"line":199,"column":8},"end":{"line":199,"column":8}},{"start":{"line":199,"column":8},"end":{"line":199,"column":8}}]},"12":{"line":200,"type":"cond-expr","locations":[{"start":{"line":200,"column":51},"end":{"line":200,"column":55}},{"start":{"line":200,"column":58},"end":{"line":200,"column":68}}]},"13":{"line":203,"type":"cond-expr","locations":[{"start":{"line":203,"column":63},"end":{"line":203,"column":67}},{"start":{"line":203,"column":70},"end":{"line":203,"column":80}}]}}},"/home/usuario/PAI/Practica_8/practica-8-poker-ChristianTorresGonzalez/src/deck.js":{"path":"/home/usuario/PAI/Practica_8/practica-8-poker-ChristianTorresGonzalez/src/deck.js","s":{"1":1,"2":2,"3":2,"4":8,"5":104,"6":104,"7":0,"8":0,"9":2,"10":1,"11":1,"12":1,"13":1,"14":52,"15":52,"16":52,"17":1,"18":1,"19":1,"20":1,"21":1},"b":{},"f":{"1":2,"2":0,"3":2,"4":1,"5":1},"fnMap":{"1":{"name":"(anonymous_1)","line":22,"loc":{"start":{"line":22,"column":15},"end":{"line":22,"column":18}}},"2":{"name":"(anonymous_2)","line":41,"loc":{"start":{"line":41,"column":9},"end":{"line":41,"column":12}}},"3":{"name":"(anonymous_3)","line":53,"loc":{"start":{"line":53,"column":11},"end":{"line":53,"column":14}}},"4":{"name":"(anonymous_4)","line":65,"loc":{"start":{"line":65,"column":11},"end":{"line":65,"column":19}}},"5":{"name":"(anonymous_5)","line":76,"loc":{"start":{"line":76,"column":11},"end":{"line":76,"column":14}}}},"statementMap":{"1":{"start":{"line":19,"column":0},"end":{"line":19,"column":32}},"2":{"start":{"line":23,"column":8},"end":{"line":23,"column":23}},"3":{"start":{"line":25,"column":8},"end":{"line":30,"column":9}},"4":{"start":{"line":26,"column":12},"end":{"line":29,"column":13}},"5":{"start":{"line":27,"column":16},"end":{"line":27,"column":55}},"6":{"start":{"line":28,"column":16},"end":{"line":28,"column":37}},"7":{"start":{"line":42,"column":8},"end":{"line":44,"column":9}},"8":{"start":{"line":43,"column":12},"end":{"line":43,"column":49}},"9":{"start":{"line":54,"column":8},"end":{"line":54,"column":33}},"10":{"start":{"line":66,"column":8},"end":{"line":66,"column":30}},"11":{"start":{"line":77,"column":8},"end":{"line":77,"column":31}},"12":{"start":{"line":78,"column":8},"end":{"line":78,"column":36}},"13":{"start":{"line":80,"column":8},"end":{"line":84,"column":9}},"14":{"start":{"line":81,"column":12},"end":{"line":81,"column":69}},"15":{"start":{"line":82,"column":12},"end":{"line":82,"column":49}},"16":{"start":{"line":83,"column":12},"end":{"line":83,"column":39}},"17":{"start":{"line":86,"column":8},"end":{"line":86,"column":34}},"18":{"start":{"line":87,"column":8},"end":{"line":87,"column":31}},"19":{"start":{"line":91,"column":0},"end":{"line":91,"column":20}},"20":{"start":{"line":92,"column":0},"end":{"line":92,"column":15}},"21":{"start":{"line":93,"column":0},"end":{"line":93,"column":28}}},"branchMap":{}}}