TN:
SF:/home/usuario/PAI/Practica_8/practica-8-poker-ChristianTorresGonzalez/src/card.js
FN:54,setSuit
FN:81,setRank
FN:106,setValue
FN:111,(anonymous_4)
FN:123,(anonymous_5)
FN:134,(anonymous_6)
FN:144,(anonymous_7)
FN:155,(anonymous_8)
FN:166,(anonymous_9)
FN:178,(anonymous_10)
FN:212,(anonymous_11)
FNF:11
FNH:11
FNDA:277,setSuit
FNDA:274,setRank
FNDA:269,setValue
FNDA:268,(anonymous_4)
FNDA:8,(anonymous_5)
FNDA:5,(anonymous_6)
FNDA:6,(anonymous_7)
FNDA:1,(anonymous_8)
FNDA:1,(anonymous_9)
FNDA:4,(anonymous_10)
FNDA:2,(anonymous_11)
DA:26,1
DA:54,1
DA:55,277
DA:57,69
DA:59,69
DA:61,68
DA:63,71
DA:81,1
DA:82,274
DA:83,1
DA:85,273
DA:86,1
DA:88,272
DA:89,2
DA:91,270
DA:92,2
DA:95,268
DA:106,1
DA:107,269
DA:112,268
DA:113,268
DA:114,268
DA:124,8
DA:135,5
DA:145,6
DA:156,1
DA:167,1
DA:179,4
DA:180,4
DA:182,1
DA:183,1
DA:185,0
DA:186,0
DA:188,1
DA:189,1
DA:191,0
DA:192,0
DA:194,2
DA:195,2
DA:198,4
DA:199,4
DA:213,2
DA:214,0
DA:217,2
DA:225,1
LF:45
LH:40
BRDA:55,1,0,69
BRDA:55,1,1,69
BRDA:55,1,2,68
BRDA:55,1,3,71
BRDA:82,2,0,1
BRDA:82,2,1,273
BRDA:82,3,0,274
BRDA:82,3,1,273
BRDA:82,3,2,273
BRDA:85,4,0,1
BRDA:85,4,1,272
BRDA:85,5,0,273
BRDA:85,5,1,272
BRDA:85,5,2,272
BRDA:88,6,0,2
BRDA:88,6,1,270
BRDA:88,7,0,272
BRDA:88,7,1,270
BRDA:88,7,2,270
BRDA:91,8,0,2
BRDA:91,8,1,268
BRDA:91,9,0,270
BRDA:91,9,1,269
BRDA:91,9,2,268
BRDA:180,10,0,1
BRDA:180,10,1,0
BRDA:180,10,2,1
BRDA:180,10,3,0
BRDA:180,10,4,2
BRDA:213,11,0,0
BRDA:213,11,1,2
BRDA:214,12,0,0
BRDA:214,12,1,0
BRDA:217,13,0,1
BRDA:217,13,1,1
BRF:35
BRH:30
end_of_record
TN:
SF:/home/usuario/PAI/Practica_8/practica-8-poker-ChristianTorresGonzalez/src/deck.js
FN:22,(anonymous_1)
FN:41,(anonymous_2)
FN:53,(anonymous_3)
FN:65,(anonymous_4)
FN:76,(anonymous_5)
FN:96,(anonymous_6)
FN:97,(anonymous_7)
FN:108,(anonymous_8)
FN:123,(anonymous_9)
FNF:9
FNH:7
FNDA:5,(anonymous_1)
FNDA:0,(anonymous_2)
FNDA:8,(anonymous_3)
FNDA:1,(anonymous_4)
FNDA:2,(anonymous_5)
FNDA:1,(anonymous_6)
FNDA:207,(anonymous_7)
FNDA:1,(anonymous_8)
FNDA:0,(anonymous_9)
DA:19,1
DA:23,5
DA:25,5
DA:26,20
DA:27,260
DA:28,260
DA:42,0
DA:43,0
DA:54,8
DA:66,1
DA:77,2
DA:78,2
DA:80,2
DA:81,104
DA:82,104
DA:83,104
DA:86,2
DA:97,1
DA:98,207
DA:109,1
DA:110,1
DA:111,1
DA:124,0
DA:125,0
DA:126,0
DA:127,0
DA:133,1
LF:27
LH:21
BRF:0
BRH:0
end_of_record
TN:
SF:/home/usuario/PAI/Practica_8/practica-8-poker-ChristianTorresGonzalez/src/figura.js
FN:20,(anonymous_1)
FN:29,(anonymous_2)
FNF:2
FNH:1
FNDA:4,(anonymous_1)
FNDA:0,(anonymous_2)
DA:21,4
DA:34,1
LF:2
LH:2
BRF:0
BRH:0
end_of_record
TN:
SF:/home/usuario/PAI/Practica_8/practica-8-poker-ChristianTorresGonzalez/src/hand.js
FN:22,(anonymous_1)
FN:32,(anonymous_2)
FN:41,(anonymous_3)
FN:53,(anonymous_4)
FN:63,(anonymous_5)
FN:73,(anonymous_6)
FN:87,(anonymous_7)
FN:88,(anonymous_8)
FNF:8
FNH:6
FNDA:2,(anonymous_1)
FNDA:2,(anonymous_2)
FNDA:1,(anonymous_3)
FNDA:1,(anonymous_4)
FNDA:6,(anonymous_5)
FNDA:2,(anonymous_6)
FNDA:0,(anonymous_7)
FNDA:0,(anonymous_8)
DA:23,2
DA:24,2
DA:33,2
DA:42,1
DA:54,1
DA:64,6
DA:74,2
DA:75,10
DA:76,10
DA:88,0
DA:89,0
DA:94,1
LF:12
LH:10
BRF:0
BRH:0
end_of_record
TN:
SF:/home/usuario/PAI/Practica_8/practica-8-poker-ChristianTorresGonzalez/src/line.js
FN:21,(anonymous_1)
FN:35,(anonymous_2)
FNF:2
FNH:1
FNDA:1,(anonymous_1)
FNDA:0,(anonymous_2)
DA:18,1
DA:22,1
DA:23,1
DA:24,1
DA:25,1
DA:26,1
DA:27,1
DA:36,0
DA:37,0
DA:39,0
DA:40,0
DA:41,0
DA:42,0
DA:46,1
LF:14
LH:8
BRF:0
BRH:0
end_of_record
TN:
SF:/home/usuario/PAI/Practica_8/practica-8-poker-ChristianTorresGonzalez/src/point.js
FN:22,(anonymous_1)
FN:34,(anonymous_2)
FNF:2
FNH:1
FNDA:1,(anonymous_1)
FNDA:0,(anonymous_2)
DA:19,1
DA:23,1
DA:24,1
DA:25,1
DA:26,1
DA:35,0
DA:37,0
DA:38,0
DA:39,0
DA:43,1
LF:10
LH:6
BRF:0
BRH:0
end_of_record
TN:
SF:/home/usuario/PAI/Practica_8/practica-8-poker-ChristianTorresGonzalez/src/rectangle.js
FN:21,(anonymous_1)
FN:33,(anonymous_2)
FNF:2
FNH:1
FNDA:1,(anonymous_1)
FNDA:0,(anonymous_2)
DA:18,1
DA:22,1
DA:23,1
DA:24,1
DA:25,1
DA:26,1
DA:27,1
DA:28,1
DA:29,1
DA:30,1
DA:34,0
DA:36,0
DA:37,0
DA:38,0
DA:39,0
DA:40,0
DA:41,0
DA:45,1
LF:18
LH:11
BRF:0
BRH:0
end_of_record
