TN:
SF:/home/usuario/PAI/Practica_8/practica-8-poker-ChristianTorresGonzalez/src/card.js
FN:46,getSuit
FN:60,(anonymous_2)
FN:71,(anonymous_3)
FN:82,(anonymous_4)
FN:92,(anonymous_5)
FN:103,(anonymous_6)
FN:115,(anonymous_7)
FN:119,(anonymous_8)
FNF:8
FNH:8
FNDA:7,getSuit
FNDA:5,(anonymous_2)
FNDA:6,(anonymous_3)
FNDA:5,(anonymous_4)
FNDA:6,(anonymous_5)
FNDA:1,(anonymous_6)
FNDA:1,(anonymous_7)
FNDA:1,(anonymous_8)
DA:27,1
DA:46,1
DA:47,7
DA:49,3
DA:51,1
DA:53,1
DA:55,2
DA:61,5
DA:62,5
DA:72,6
DA:83,5
DA:93,6
DA:104,1
DA:105,1
DA:116,1
DA:120,1
DA:121,1
DA:123,0
DA:125,0
DA:127,0
DA:129,0
DA:131,1
DA:134,1
DA:135,1
DA:141,1
LF:25
LH:21
BRDA:47,1,0,3
BRDA:47,1,1,1
BRDA:47,1,2,1
BRDA:47,1,3,2
BRDA:121,2,0,0
BRDA:121,2,1,0
BRDA:121,2,2,0
BRDA:121,2,3,0
BRDA:121,2,4,1
BRF:9
BRH:5
end_of_record
